<?xml version="1.0" encoding="UTF-8"?>
<coverage generated="1781529785222" clover="3.2.0">
  <project timestamp="1781529785222" name="All files">
    <metrics statements="163" coveredstatements="132" conditionals="153" coveredconditionals="113" methods="10" coveredmethods="10" elements="326" coveredelements="255" complexity="0" loc="163" ncloc="163" packages="3" files="6" classes="6"/>
    <package name="src">
      <metrics statements="4" coveredstatements="4" conditionals="4" coveredconditionals="4" methods="1" coveredmethods="1"/>
      <file name="types.ts" path="D:\AI studio\flagged\src\types.ts">
        <metrics statements="4" coveredstatements="4" conditionals="4" coveredconditionals="4" methods="1" coveredmethods="1"/>
        <line num="47" count="1" type="stmt"/>
        <line num="48" count="11" type="cond" truecount="2" falsecount="0"/>
        <line num="49" count="7" type="cond" truecount="2" falsecount="0"/>
        <line num="50" count="4" type="stmt"/>
      </file>
    </package>
    <package name="src.services">
      <metrics statements="20" coveredstatements="19" conditionals="36" coveredconditionals="32" methods="1" coveredmethods="1"/>
      <file name="CarbonService.ts" path="D:\AI studio\flagged\src\services\CarbonService.ts">
        <metrics statements="20" coveredstatements="19" conditionals="36" coveredconditionals="32" methods="1" coveredmethods="1"/>
        <line num="22" count="1" type="stmt"/>
        <line num="23" count="9" type="stmt"/>
        <line num="25" count="9" type="cond" truecount="4" falsecount="0"/>
        <line num="26" count="3" type="stmt"/>
        <line num="29" count="9" type="cond" truecount="4" falsecount="0"/>
        <line num="30" count="3" type="cond" truecount="3" falsecount="1"/>
        <line num="31" count="3" type="stmt"/>
        <line num="33" count="3" type="cond" truecount="3" falsecount="1"/>
        <line num="34" count="3" type="stmt"/>
        <line num="36" count="6" type="cond" truecount="4" falsecount="0"/>
        <line num="37" count="1" type="stmt"/>
        <line num="40" count="9" type="cond" truecount="4" falsecount="0"/>
        <line num="41" count="1" type="stmt"/>
        <line num="44" count="9" type="cond" truecount="4" falsecount="0"/>
        <line num="45" count="1" type="stmt"/>
        <line num="48" count="9" type="cond" truecount="4" falsecount="0"/>
        <line num="49" count="1" type="stmt"/>
        <line num="52" count="9" type="cond" truecount="2" falsecount="2"/>
        <line num="53" count="0" type="stmt"/>
        <line num="56" count="9" type="stmt"/>
      </file>
    </package>
    <package name="src.utils">
      <metrics statements="139" coveredstatements="109" conditionals="113" coveredconditionals="77" methods="8" coveredmethods="8"/>
      <file name="EmissionFactors.ts" path="D:\AI studio\flagged\src\utils\EmissionFactors.ts">
        <metrics statements="16" coveredstatements="16" conditionals="0" coveredconditionals="0" methods="0" coveredmethods="0"/>
        <line num="2" count="2" type="stmt"/>
        <line num="13" count="2" type="stmt"/>
        <line num="20" count="2" type="stmt"/>
        <line num="27" count="2" type="stmt"/>
        <line num="36" count="2" type="stmt"/>
        <line num="42" count="2" type="stmt"/>
        <line num="50" count="2" type="stmt"/>
        <line num="57" count="2" type="stmt"/>
        <line num="65" count="2" type="stmt"/>
        <line num="76" count="2" type="stmt"/>
        <line num="83" count="2" type="stmt"/>
        <line num="90" count="2" type="stmt"/>
        <line num="99" count="2" type="stmt"/>
        <line num="105" count="2" type="stmt"/>
        <line num="112" count="2" type="stmt"/>
        <line num="120" count="2" type="stmt"/>
      </file>
      <file name="GeminiService.ts" path="D:\AI studio\flagged\src\utils\GeminiService.ts">
        <metrics statements="16" coveredstatements="4" conditionals="4" coveredconditionals="1" methods="1" coveredmethods="1"/>
        <line num="20" count="2" type="stmt"/>
        <line num="22" count="2" type="cond" truecount="1" falsecount="1"/>
        <line num="23" count="2" type="stmt"/>
        <line num="24" count="2" type="stmt"/>
        <line num="27" count="0" type="stmt"/>
        <line num="30" count="0" type="stmt"/>
        <line num="31" count="0" type="stmt"/>
        <line num="33" count="0" type="stmt"/>
        <line num="55" count="0" type="stmt"/>
        <line num="56" count="0" type="stmt"/>
        <line num="64" count="0" type="stmt"/>
        <line num="65" count="0" type="cond" truecount="0" falsecount="2"/>
        <line num="66" count="0" type="stmt"/>
        <line num="69" count="0" type="stmt"/>
        <line num="70" count="0" type="stmt"/>
        <line num="73" count="0" type="stmt"/>
      </file>
      <file name="InsightEngine.ts" path="D:\AI studio\flagged\src\utils\InsightEngine.ts">
        <metrics statements="14" coveredstatements="14" conditionals="29" coveredconditionals="28" methods="4" coveredmethods="4"/>
        <line num="26" count="5" type="stmt"/>
        <line num="34" count="5" type="cond" truecount="4" falsecount="0"/>
        <line num="35" count="2" type="stmt"/>
        <line num="39" count="3" type="stmt"/>
        <line num="40" count="24" type="cond" truecount="2" falsecount="0"/>
        <line num="41" count="21" type="stmt"/>
        <line num="44" count="3" type="stmt"/>
        <line num="46" count="3" type="stmt"/>
        <line num="47" count="18" type="cond" truecount="4" falsecount="0"/>
        <line num="48" count="18" type="cond" truecount="4" falsecount="0"/>
        <line num="49" count="18" type="cond" truecount="3" falsecount="1"/>
        <line num="50" count="18" type="cond" truecount="5" falsecount="0"/>
        <line num="51" count="18" type="cond" truecount="6" falsecount="0"/>
        <line num="54" count="3" type="stmt"/>
      </file>
      <file name="ScoreEngine.ts" path="D:\AI studio\flagged\src\utils\ScoreEngine.ts">
        <metrics statements="93" coveredstatements="75" conditionals="80" coveredconditionals="48" methods="3" coveredmethods="3"/>
        <line num="27" count="1" type="stmt"/>
        <line num="29" count="4" type="stmt"/>
        <line num="30" count="4" type="cond" truecount="4" falsecount="0"/>
        <line num="31" count="3" type="stmt"/>
        <line num="35" count="4" type="stmt"/>
        <line num="36" count="4" type="cond" truecount="3" falsecount="1"/>
        <line num="37" count="0" type="stmt"/>
        <line num="38" count="0" type="cond" truecount="0" falsecount="4"/>
        <line num="39" count="0" type="stmt"/>
        <line num="42" count="0" type="stmt"/>
        <line num="43" count="0" type="cond" truecount="0" falsecount="4"/>
        <line num="44" count="0" type="stmt"/>
        <line num="47" count="0" type="stmt"/>
        <line num="48" count="4" type="cond" truecount="2" falsecount="2"/>
        <line num="49" count="0" type="stmt"/>
        <line num="53" count="4" type="stmt"/>
        <line num="54" count="4" type="cond" truecount="2" falsecount="2"/>
        <line num="55" count="0" type="stmt"/>
        <line num="59" count="4" type="stmt"/>
        <line num="60" count="4" type="cond" truecount="2" falsecount="2"/>
        <line num="61" count="0" type="stmt"/>
        <line num="65" count="4" type="stmt"/>
        <line num="66" count="4" type="cond" truecount="2" falsecount="2"/>
        <line num="67" count="0" type="stmt"/>
        <line num="71" count="4" type="stmt"/>
        <line num="72" count="4" type="cond" truecount="2" falsecount="2"/>
        <line num="73" count="0" type="stmt"/>
        <line num="76" count="4" type="stmt"/>
        <line num="86" count="1" type="stmt"/>
        <line num="87" count="3" type="stmt"/>
        <line num="88" count="3" type="cond" truecount="2" falsecount="0"/>
        <line num="90" count="2" type="stmt"/>
        <line num="91" count="2" type="stmt"/>
        <line num="93" count="2" type="stmt"/>
        <line num="94" count="2" type="stmt"/>
        <line num="96" count="2" type="stmt"/>
        <line num="97" count="2" type="stmt"/>
        <line num="99" count="2" type="stmt"/>
        <line num="100" count="2" type="stmt"/>
        <line num="102" count="2" type="stmt"/>
        <line num="103" count="2" type="stmt"/>
        <line num="104" count="2" type="stmt"/>
        <line num="105" count="2" type="stmt"/>
        <line num="106" count="2" type="cond" truecount="2" falsecount="0"/>
        <line num="108" count="2" type="stmt"/>
        <line num="110" count="2" type="cond" truecount="1" falsecount="1"/>
        <line num="111" count="0" type="stmt"/>
        <line num="112" count="0" type="stmt"/>
        <line num="114" count="2" type="cond" truecount="1" falsecount="1"/>
        <line num="115" count="0" type="stmt"/>
        <line num="116" count="0" type="stmt"/>
        <line num="118" count="2" type="cond" truecount="2" falsecount="0"/>
        <line num="119" count="1" type="stmt"/>
        <line num="120" count="1" type="stmt"/>
        <line num="124" count="2" type="cond" truecount="1" falsecount="1"/>
        <line num="125" count="3" type="cond" truecount="1" falsecount="1"/>
        <line num="126" count="3" type="cond" truecount="2" falsecount="0"/>
        <line num="128" count="3" type="stmt"/>
        <line num="129" count="3" type="stmt"/>
        <line num="130" count="3" type="stmt"/>
        <line num="132" count="3" type="stmt"/>
        <line num="133" count="3" type="stmt"/>
        <line num="135" count="3" type="cond" truecount="1" falsecount="1"/>
        <line num="136" count="2" type="cond" truecount="1" falsecount="1"/>
        <line num="137" count="2" type="cond" truecount="2" falsecount="0"/>
        <line num="138" count="1" type="stmt"/>
        <line num="139" count="1" type="cond" truecount="1" falsecount="1"/>
        <line num="140" count="1" type="stmt"/>
        <line num="143" count="2" type="cond" truecount="1" falsecount="1"/>
        <line num="146" count="1" type="stmt"/>
        <line num="147" count="3" type="stmt"/>
        <line num="148" count="3" type="stmt"/>
        <line num="149" count="3" type="stmt"/>
        <line num="150" count="3" type="stmt"/>
        <line num="151" count="3" type="stmt"/>
        <line num="152" count="3" type="stmt"/>
        <line num="154" count="3" type="stmt"/>
        <line num="155" count="6" type="stmt"/>
        <line num="156" count="6" type="cond" truecount="2" falsecount="0"/>
        <line num="157" count="4" type="stmt"/>
        <line num="158" count="4" type="cond" truecount="4" falsecount="0"/>
        <line num="159" count="1" type="cond" truecount="1" falsecount="1"/>
        <line num="160" count="1" type="stmt"/>
        <line num="163" count="6" type="stmt"/>
        <line num="164" count="6" type="cond" truecount="2" falsecount="0"/>
        <line num="165" count="6" type="stmt"/>
        <line num="168" count="3" type="cond" truecount="2" falsecount="0"/>
        <line num="169" count="2" type="stmt"/>
        <line num="170" count="2" type="stmt"/>
        <line num="171" count="2" type="cond" truecount="2" falsecount="2"/>
        <line num="172" count="0" type="cond" truecount="0" falsecount="2"/>
        <line num="173" count="0" type="stmt"/>
        <line num="177" count="3" type="stmt"/>
      </file>
    </package>
  </project>
</coverage>
