{"D:\\AI studio\\flagged\\src\\types.ts": {"path":"D:\\AI studio\\flagged\\src\\types.ts","statementMap":{"0":{"start":{"line":47,"column":28},"end":{"line":51,"column":null}},"1":{"start":{"line":48,"column":2},"end":{"line":48,"column":null}},"2":{"start":{"line":48,"column":19},"end":{"line":48,"column":null}},"3":{"start":{"line":49,"column":2},"end":{"line":49,"column":null}},"4":{"start":{"line":49,"column":19},"end":{"line":49,"column":null}},"5":{"start":{"line":50,"column":2},"end":{"line":50,"column":null}}},"fnMap":{"0":{"name":"(anonymous_0)","decl":{"start":{"line":47,"column":28},"end":{"line":47,"column":29}},"loc":{"start":{"line":47,"column":52},"end":{"line":51,"column":null}},"line":47}},"branchMap":{"0":{"loc":{"start":{"line":48,"column":2},"end":{"line":48,"column":null}},"type":"if","locations":[{"start":{"line":48,"column":2},"end":{"line":48,"column":null}},{"start":{},"end":{}}],"line":48},"1":{"loc":{"start":{"line":49,"column":2},"end":{"line":49,"column":null}},"type":"if","locations":[{"start":{"line":49,"column":2},"end":{"line":49,"column":null}},{"start":{},"end":{}}],"line":49}},"s":{"0":1,"1":11,"2":4,"3":7,"4":7,"5":4},"f":{"0":11},"b":{"0":[4,7],"1":[3,4]},"meta":{"lastBranch":2,"lastFunction":1,"lastStatement":6,"seen":{"s:47:28:51:Infinity":0,"f:47:28:47:29":0,"b:48:2:48:Infinity:undefined:undefined:undefined:undefined":0,"s:48:2:48:Infinity":1,"s:48:19:48:Infinity":2,"b:49:2:49:Infinity:undefined:undefined:undefined:undefined":1,"s:49:2:49:Infinity":3,"s:49:19:49:Infinity":4,"s:50:2:50:Infinity":5},"fnNames":{}}}
,"D:\\AI studio\\flagged\\src\\services\\CarbonService.ts": {"path":"D:\\AI studio\\flagged\\src\\services\\CarbonService.ts","statementMap":{"0":{"start":{"line":22,"column":39},"end":{"line":57,"column":null}},"1":{"start":{"line":23,"column":12},"end":{"line":23,"column":null}},"2":{"start":{"line":25,"column":2},"end":{"line":27,"column":null}},"3":{"start":{"line":26,"column":4},"end":{"line":26,"column":null}},"4":{"start":{"line":29,"column":2},"end":{"line":38,"column":null}},"5":{"start":{"line":30,"column":4},"end":{"line":32,"column":null}},"6":{"start":{"line":31,"column":6},"end":{"line":31,"column":null}},"7":{"start":{"line":33,"column":4},"end":{"line":35,"column":null}},"8":{"start":{"line":34,"column":6},"end":{"line":34,"column":null}},"9":{"start":{"line":36,"column":2},"end":{"line":38,"column":null}},"10":{"start":{"line":37,"column":4},"end":{"line":37,"column":null}},"11":{"start":{"line":40,"column":2},"end":{"line":42,"column":null}},"12":{"start":{"line":41,"column":4},"end":{"line":41,"column":null}},"13":{"start":{"line":44,"column":2},"end":{"line":46,"column":null}},"14":{"start":{"line":45,"column":4},"end":{"line":45,"column":null}},"15":{"start":{"line":48,"column":2},"end":{"line":50,"column":null}},"16":{"start":{"line":49,"column":4},"end":{"line":49,"column":null}},"17":{"start":{"line":52,"column":2},"end":{"line":54,"column":null}},"18":{"start":{"line":53,"column":4},"end":{"line":53,"column":null}},"19":{"start":{"line":56,"column":2},"end":{"line":56,"column":null}}},"fnMap":{"0":{"name":"(anonymous_0)","decl":{"start":{"line":22,"column":39},"end":{"line":22,"column":40}},"loc":{"start":{"line":22,"column":75},"end":{"line":57,"column":null}},"line":22}},"branchMap":{"0":{"loc":{"start":{"line":25,"column":2},"end":{"line":27,"column":null}},"type":"if","locations":[{"start":{"line":25,"column":2},"end":{"line":27,"column":null}},{"start":{},"end":{}}],"line":25},"1":{"loc":{"start":{"line":25,"column":6},"end":{"line":25,"column":73}},"type":"binary-expr","locations":[{"start":{"line":25,"column":6},"end":{"line":25,"column":23}},{"start":{"line":25,"column":23},"end":{"line":25,"column":73}}],"line":25},"2":{"loc":{"start":{"line":29,"column":2},"end":{"line":38,"column":null}},"type":"if","locations":[{"start":{"line":29,"column":2},"end":{"line":38,"column":null}},{"start":{"line":36,"column":2},"end":{"line":38,"column":null}}],"line":29},"3":{"loc":{"start":{"line":29,"column":6},"end":{"line":29,"column":38}},"type":"binary-expr","locations":[{"start":{"line":29,"column":6},"end":{"line":29,"column":24}},{"start":{"line":29,"column":24},"end":{"line":29,"column":38}}],"line":29},"4":{"loc":{"start":{"line":30,"column":4},"end":{"line":32,"column":null}},"type":"if","locations":[{"start":{"line":30,"column":4},"end":{"line":32,"column":null}},{"start":{},"end":{}}],"line":30},"5":{"loc":{"start":{"line":30,"column":8},"end":{"line":30,"column":79}},"type":"binary-expr","locations":[{"start":{"line":30,"column":8},"end":{"line":30,"column":26}},{"start":{"line":30,"column":26},"end":{"line":30,"column":79}}],"line":30},"6":{"loc":{"start":{"line":33,"column":4},"end":{"line":35,"column":null}},"type":"if","locations":[{"start":{"line":33,"column":4},"end":{"line":35,"column":null}},{"start":{},"end":{}}],"line":33},"7":{"loc":{"start":{"line":33,"column":8},"end":{"line":33,"column":73}},"type":"binary-expr","locations":[{"start":{"line":33,"column":8},"end":{"line":33,"column":24}},{"start":{"line":33,"column":24},"end":{"line":33,"column":73}}],"line":33},"8":{"loc":{"start":{"line":36,"column":2},"end":{"line":38,"column":null}},"type":"if","locations":[{"start":{"line":36,"column":2},"end":{"line":38,"column":null}},{"start":{},"end":{}}],"line":36},"9":{"loc":{"start":{"line":36,"column":13},"end":{"line":36,"column":72}},"type":"binary-expr","locations":[{"start":{"line":36,"column":13},"end":{"line":36,"column":25}},{"start":{"line":36,"column":25},"end":{"line":36,"column":72}}],"line":36},"10":{"loc":{"start":{"line":40,"column":2},"end":{"line":42,"column":null}},"type":"if","locations":[{"start":{"line":40,"column":2},"end":{"line":42,"column":null}},{"start":{},"end":{}}],"line":40},"11":{"loc":{"start":{"line":40,"column":6},"end":{"line":40,"column":70}},"type":"binary-expr","locations":[{"start":{"line":40,"column":6},"end":{"line":40,"column":22}},{"start":{"line":40,"column":22},"end":{"line":40,"column":70}}],"line":40},"12":{"loc":{"start":{"line":44,"column":2},"end":{"line":46,"column":null}},"type":"if","locations":[{"start":{"line":44,"column":2},"end":{"line":46,"column":null}},{"start":{},"end":{}}],"line":44},"13":{"loc":{"start":{"line":44,"column":6},"end":{"line":44,"column":83}},"type":"binary-expr","locations":[{"start":{"line":44,"column":6},"end":{"line":44,"column":26}},{"start":{"line":44,"column":26},"end":{"line":44,"column":83}}],"line":44},"14":{"loc":{"start":{"line":48,"column":2},"end":{"line":50,"column":null}},"type":"if","locations":[{"start":{"line":48,"column":2},"end":{"line":50,"column":null}},{"start":{},"end":{}}],"line":48},"15":{"loc":{"start":{"line":48,"column":6},"end":{"line":48,"column":71}},"type":"binary-expr","locations":[{"start":{"line":48,"column":6},"end":{"line":48,"column":22}},{"start":{"line":48,"column":22},"end":{"line":48,"column":71}}],"line":48},"16":{"loc":{"start":{"line":52,"column":2},"end":{"line":54,"column":null}},"type":"if","locations":[{"start":{"line":52,"column":2},"end":{"line":54,"column":null}},{"start":{},"end":{}}],"line":52},"17":{"loc":{"start":{"line":52,"column":6},"end":{"line":52,"column":70}},"type":"binary-expr","locations":[{"start":{"line":52,"column":6},"end":{"line":52,"column":22}},{"start":{"line":52,"column":22},"end":{"line":52,"column":70}}],"line":52}},"s":{"0":2,"1":10,"2":10,"3":3,"4":10,"5":3,"6":3,"7":3,"8":3,"9":7,"10":1,"11":10,"12":1,"13":10,"14":1,"15":10,"16":1,"17":10,"18":1,"19":10},"f":{"0":10},"b":{"0":[3,7],"1":[10,4],"2":[3,7],"3":[10,7],"4":[3,0],"5":[3,3],"6":[3,0],"7":[3,3],"8":[1,6],"9":[7,1],"10":[1,9],"11":[10,2],"12":[1,9],"13":[10,1],"14":[1,9],"15":[10,1],"16":[1,9],"17":[10,1]},"meta":{"lastBranch":18,"lastFunction":1,"lastStatement":20,"seen":{"s:22:39:57:Infinity":0,"f:22:39:22:40":0,"s:23:12:23:Infinity":1,"b:25:2:27:Infinity:undefined:undefined:undefined:undefined":0,"s:25:2:27:Infinity":2,"b:25:6:25:23:25:23:25:73":1,"s:26:4:26:Infinity":3,"b:29:2:38:Infinity:36:2:38:Infinity":2,"s:29:2:38:Infinity":4,"b:29:6:29:24:29:24:29:38":3,"b:30:4:32:Infinity:undefined:undefined:undefined:undefined":4,"s:30:4:32:Infinity":5,"b:30:8:30:26:30:26:30:79":5,"s:31:6:31:Infinity":6,"b:33:4:35:Infinity:undefined:undefined:undefined:undefined":6,"s:33:4:35:Infinity":7,"b:33:8:33:24:33:24:33:73":7,"s:34:6:34:Infinity":8,"b:36:2:38:Infinity:undefined:undefined:undefined:undefined":8,"s:36:2:38:Infinity":9,"b:36:13:36:25:36:25:36:72":9,"s:37:4:37:Infinity":10,"b:40:2:42:Infinity:undefined:undefined:undefined:undefined":10,"s:40:2:42:Infinity":11,"b:40:6:40:22:40:22:40:70":11,"s:41:4:41:Infinity":12,"b:44:2:46:Infinity:undefined:undefined:undefined:undefined":12,"s:44:2:46:Infinity":13,"b:44:6:44:26:44:26:44:83":13,"s:45:4:45:Infinity":14,"b:48:2:50:Infinity:undefined:undefined:undefined:undefined":14,"s:48:2:50:Infinity":15,"b:48:6:48:22:48:22:48:71":15,"s:49:4:49:Infinity":16,"b:52:2:54:Infinity:undefined:undefined:undefined:undefined":16,"s:52:2:54:Infinity":17,"b:52:6:52:22:52:22:52:70":17,"s:53:4:53:Infinity":18,"s:56:2:56:Infinity":19},"fnNames":{}}}
,"D:\\AI studio\\flagged\\src\\utils\\EmissionFactors.ts": {"path":"D:\\AI studio\\flagged\\src\\utils\\EmissionFactors.ts","statementMap":{"0":{"start":{"line":2,"column":59},"end":{"line":11,"column":null}},"1":{"start":{"line":13,"column":61},"end":{"line":18,"column":null}},"2":{"start":{"line":20,"column":59},"end":{"line":25,"column":null}},"3":{"start":{"line":27,"column":61},"end":{"line":34,"column":null}},"4":{"start":{"line":36,"column":58},"end":{"line":40,"column":null}},"5":{"start":{"line":42,"column":63},"end":{"line":48,"column":null}},"6":{"start":{"line":50,"column":59},"end":{"line":55,"column":null}},"7":{"start":{"line":57,"column":58},"end":{"line":62,"column":null}},"8":{"start":{"line":65,"column":56},"end":{"line":74,"column":null}},"9":{"start":{"line":76,"column":58},"end":{"line":81,"column":null}},"10":{"start":{"line":83,"column":56},"end":{"line":88,"column":null}},"11":{"start":{"line":90,"column":58},"end":{"line":97,"column":null}},"12":{"start":{"line":99,"column":55},"end":{"line":103,"column":null}},"13":{"start":{"line":105,"column":55},"end":{"line":110,"column":null}},"14":{"start":{"line":112,"column":60},"end":{"line":118,"column":null}},"15":{"start":{"line":120,"column":56},"end":{"line":125,"column":null}}},"fnMap":{},"branchMap":{},"s":{"0":3,"1":3,"2":3,"3":3,"4":3,"5":3,"6":3,"7":3,"8":3,"9":3,"10":3,"11":3,"12":3,"13":3,"14":3,"15":3},"f":{},"b":{},"meta":{"lastBranch":0,"lastFunction":0,"lastStatement":16,"seen":{"s:2:59:11:Infinity":0,"s:13:61:18:Infinity":1,"s:20:59:25:Infinity":2,"s:27:61:34:Infinity":3,"s:36:58:40:Infinity":4,"s:42:63:48:Infinity":5,"s:50:59:55:Infinity":6,"s:57:58:62:Infinity":7,"s:65:56:74:Infinity":8,"s:76:58:81:Infinity":9,"s:83:56:88:Infinity":10,"s:90:58:97:Infinity":11,"s:99:55:103:Infinity":12,"s:105:55:110:Infinity":13,"s:112:60:118:Infinity":14,"s:120:56:125:Infinity":15},"fnNames":{}}}
,"D:\\AI studio\\flagged\\src\\utils\\GeminiService.ts": {"path":"D:\\AI studio\\flagged\\src\\utils\\GeminiService.ts","statementMap":{"0":{"start":{"line":20,"column":19},"end":{"line":20,"column":null}},"1":{"start":{"line":22,"column":4},"end":{"line":25,"column":null}},"2":{"start":{"line":23,"column":6},"end":{"line":23,"column":null}},"3":{"start":{"line":24,"column":6},"end":{"line":24,"column":null}},"4":{"start":{"line":27,"column":15},"end":{"line":27,"column":null}},"5":{"start":{"line":30,"column":20},"end":{"line":30,"column":null}},"6":{"start":{"line":31,"column":59},"end":{"line":31,"column":null}},"7":{"start":{"line":33,"column":19},"end":{"line":42,"column":null}},"8":{"start":{"line":55,"column":4},"end":{"line":71,"column":null}},"9":{"start":{"line":56,"column":23},"end":{"line":62,"column":null}},"10":{"start":{"line":64,"column":23},"end":{"line":64,"column":null}},"11":{"start":{"line":65,"column":6},"end":{"line":67,"column":null}},"12":{"start":{"line":66,"column":8},"end":{"line":66,"column":null}},"13":{"start":{"line":69,"column":6},"end":{"line":69,"column":null}},"14":{"start":{"line":70,"column":6},"end":{"line":70,"column":null}},"15":{"start":{"line":73,"column":4},"end":{"line":73,"column":null}}},"fnMap":{"0":{"name":"generateInsights","decl":{"start":{"line":19,"column":15},"end":{"line":19,"column":32}},"loc":{"start":{"line":19,"column":86},"end":{"line":74,"column":null}},"line":19}},"branchMap":{"0":{"loc":{"start":{"line":22,"column":4},"end":{"line":25,"column":null}},"type":"if","locations":[{"start":{"line":22,"column":4},"end":{"line":25,"column":null}},{"start":{},"end":{}}],"line":22},"1":{"loc":{"start":{"line":65,"column":6},"end":{"line":67,"column":null}},"type":"if","locations":[{"start":{"line":65,"column":6},"end":{"line":67,"column":null}},{"start":{},"end":{}}],"line":65}},"s":{"0":2,"1":2,"2":2,"3":2,"4":0,"5":0,"6":0,"7":0,"8":0,"9":0,"10":0,"11":0,"12":0,"13":0,"14":0,"15":0},"f":{"0":1},"b":{"0":[2,0],"1":[0,0]},"meta":{"lastBranch":2,"lastFunction":1,"lastStatement":16,"seen":{"f:19:15:19:32":0,"s:20:19:20:Infinity":0,"b:22:4:25:Infinity:undefined:undefined:undefined:undefined":0,"s:22:4:25:Infinity":1,"s:23:6:23:Infinity":2,"s:24:6:24:Infinity":3,"s:27:15:27:Infinity":4,"s:30:20:30:Infinity":5,"s:31:59:31:Infinity":6,"s:33:19:42:Infinity":7,"s:55:4:71:Infinity":8,"s:56:23:62:Infinity":9,"s:64:23:64:Infinity":10,"b:65:6:67:Infinity:undefined:undefined:undefined:undefined":1,"s:65:6:67:Infinity":11,"s:66:8:66:Infinity":12,"s:69:6:69:Infinity":13,"s:70:6:70:Infinity":14,"s:73:4:73:Infinity":15},"fnNames":{}}}
,"D:\\AI studio\\flagged\\src\\utils\\InsightEngine.ts": {"path":"D:\\AI studio\\flagged\\src\\utils\\InsightEngine.ts","statementMap":{"0":{"start":{"line":26,"column":36},"end":{"line":32,"column":null}},"1":{"start":{"line":34,"column":4},"end":{"line":36,"column":null}},"2":{"start":{"line":35,"column":6},"end":{"line":35,"column":null}},"3":{"start":{"line":39,"column":21},"end":{"line":41,"column":null}},"4":{"start":{"line":40,"column":19},"end":{"line":40,"column":30}},"5":{"start":{"line":41,"column":22},"end":{"line":41,"column":77}},"6":{"start":{"line":44,"column":23},"end":{"line":44,"column":null}},"7":{"start":{"line":46,"column":4},"end":{"line":52,"column":null}},"8":{"start":{"line":47,"column":6},"end":{"line":47,"column":null}},"9":{"start":{"line":47,"column":62},"end":{"line":47,"column":null}},"10":{"start":{"line":48,"column":6},"end":{"line":48,"column":null}},"11":{"start":{"line":48,"column":58},"end":{"line":48,"column":null}},"12":{"start":{"line":49,"column":6},"end":{"line":49,"column":null}},"13":{"start":{"line":49,"column":57},"end":{"line":49,"column":null}},"14":{"start":{"line":50,"column":6},"end":{"line":50,"column":null}},"15":{"start":{"line":50,"column":86},"end":{"line":50,"column":null}},"16":{"start":{"line":51,"column":6},"end":{"line":51,"column":null}},"17":{"start":{"line":51,"column":104},"end":{"line":51,"column":null}},"18":{"start":{"line":54,"column":4},"end":{"line":54,"column":null}}},"fnMap":{"0":{"name":"summarizeLogsForInsights","decl":{"start":{"line":25,"column":9},"end":{"line":25,"column":34}},"loc":{"start":{"line":25,"column":101},"end":{"line":55,"column":null}},"line":25},"1":{"name":"(anonymous_1)","decl":{"start":{"line":40,"column":14},"end":{"line":40,"column":19}},"loc":{"start":{"line":40,"column":19},"end":{"line":40,"column":30}},"line":40},"2":{"name":"(anonymous_2)","decl":{"start":{"line":41,"column":12},"end":{"line":41,"column":13}},"loc":{"start":{"line":41,"column":22},"end":{"line":41,"column":77}},"line":41},"3":{"name":"(anonymous_3)","decl":{"start":{"line":46,"column":23},"end":{"line":46,"column":28}},"loc":{"start":{"line":46,"column":28},"end":{"line":52,"column":5}},"line":46}},"branchMap":{"0":{"loc":{"start":{"line":34,"column":4},"end":{"line":36,"column":null}},"type":"if","locations":[{"start":{"line":34,"column":4},"end":{"line":36,"column":null}},{"start":{},"end":{}}],"line":34},"1":{"loc":{"start":{"line":34,"column":8},"end":{"line":34,"column":49}},"type":"binary-expr","locations":[{"start":{"line":34,"column":8},"end":{"line":34,"column":17}},{"start":{"line":34,"column":17},"end":{"line":34,"column":49}}],"line":34},"2":{"loc":{"start":{"line":40,"column":19},"end":{"line":40,"column":30}},"type":"binary-expr","locations":[{"start":{"line":40,"column":19},"end":{"line":40,"column":24}},{"start":{"line":40,"column":24},"end":{"line":40,"column":30}}],"line":40},"3":{"loc":{"start":{"line":47,"column":6},"end":{"line":47,"column":null}},"type":"if","locations":[{"start":{"line":47,"column":6},"end":{"line":47,"column":null}},{"start":{},"end":{}}],"line":47},"4":{"loc":{"start":{"line":47,"column":10},"end":{"line":47,"column":62}},"type":"binary-expr","locations":[{"start":{"line":47,"column":10},"end":{"line":47,"column":35}},{"start":{"line":47,"column":35},"end":{"line":47,"column":62}}],"line":47},"5":{"loc":{"start":{"line":48,"column":6},"end":{"line":48,"column":null}},"type":"if","locations":[{"start":{"line":48,"column":6},"end":{"line":48,"column":null}},{"start":{},"end":{}}],"line":48},"6":{"loc":{"start":{"line":48,"column":10},"end":{"line":48,"column":58}},"type":"binary-expr","locations":[{"start":{"line":48,"column":10},"end":{"line":48,"column":35}},{"start":{"line":48,"column":35},"end":{"line":48,"column":58}}],"line":48},"7":{"loc":{"start":{"line":49,"column":6},"end":{"line":49,"column":null}},"type":"if","locations":[{"start":{"line":49,"column":6},"end":{"line":49,"column":null}},{"start":{},"end":{}}],"line":49},"8":{"loc":{"start":{"line":49,"column":10},"end":{"line":49,"column":57}},"type":"binary-expr","locations":[{"start":{"line":49,"column":10},"end":{"line":49,"column":34}},{"start":{"line":49,"column":34},"end":{"line":49,"column":57}}],"line":49},"9":{"loc":{"start":{"line":50,"column":6},"end":{"line":50,"column":null}},"type":"if","locations":[{"start":{"line":50,"column":6},"end":{"line":50,"column":null}},{"start":{},"end":{}}],"line":50},"10":{"loc":{"start":{"line":50,"column":10},"end":{"line":50,"column":86}},"type":"binary-expr","locations":[{"start":{"line":50,"column":10},"end":{"line":50,"column":36}},{"start":{"line":50,"column":36},"end":{"line":50,"column":63}},{"start":{"line":50,"column":63},"end":{"line":50,"column":86}}],"line":50},"11":{"loc":{"start":{"line":51,"column":6},"end":{"line":51,"column":null}},"type":"if","locations":[{"start":{"line":51,"column":6},"end":{"line":51,"column":null}},{"start":{},"end":{}}],"line":51},"12":{"loc":{"start":{"line":51,"column":10},"end":{"line":51,"column":104}},"type":"binary-expr","locations":[{"start":{"line":51,"column":10},"end":{"line":51,"column":37}},{"start":{"line":51,"column":37},"end":{"line":51,"column":64}},{"start":{"line":51,"column":64},"end":{"line":51,"column":85}},{"start":{"line":51,"column":85},"end":{"line":51,"column":104}}],"line":51}},"s":{"0":6,"1":6,"2":2,"3":4,"4":25,"5":21,"6":4,"7":4,"8":19,"9":1,"10":19,"11":1,"12":19,"13":1,"14":19,"15":16,"16":19,"17":1,"18":4},"f":{"0":3,"1":25,"2":21,"3":19},"b":{"0":[2,4],"1":[6,5],"2":[25,25],"3":[1,18],"4":[19,19],"5":[1,18],"6":[19,18],"7":[1,18],"8":[19,19],"9":[16,3],"10":[19,4,3],"11":[1,18],"12":[19,18,18,18]},"meta":{"lastBranch":13,"lastFunction":4,"lastStatement":19,"seen":{"f:25:9:25:34":0,"s:26:36:32:Infinity":0,"b:34:4:36:Infinity:undefined:undefined:undefined:undefined":0,"s:34:4:36:Infinity":1,"b:34:8:34:17:34:17:34:49":1,"s:35:6:35:Infinity":2,"s:39:21:41:Infinity":3,"f:40:14:40:19":1,"s:40:19:40:30":4,"b:40:19:40:24:40:24:40:30":2,"f:41:12:41:13":2,"s:41:22:41:77":5,"s:44:23:44:Infinity":6,"s:46:4:52:Infinity":7,"f:46:23:46:28":3,"b:47:6:47:Infinity:undefined:undefined:undefined:undefined":3,"s:47:6:47:Infinity":8,"b:47:10:47:35:47:35:47:62":4,"s:47:62:47:Infinity":9,"b:48:6:48:Infinity:undefined:undefined:undefined:undefined":5,"s:48:6:48:Infinity":10,"b:48:10:48:35:48:35:48:58":6,"s:48:58:48:Infinity":11,"b:49:6:49:Infinity:undefined:undefined:undefined:undefined":7,"s:49:6:49:Infinity":12,"b:49:10:49:34:49:34:49:57":8,"s:49:57:49:Infinity":13,"b:50:6:50:Infinity:undefined:undefined:undefined:undefined":9,"s:50:6:50:Infinity":14,"b:50:10:50:36:50:36:50:63:50:63:50:86":10,"s:50:86:50:Infinity":15,"b:51:6:51:Infinity:undefined:undefined:undefined:undefined":11,"s:51:6:51:Infinity":16,"b:51:10:51:37:51:37:51:64:51:64:51:85:51:85:51:104":12,"s:51:104:51:Infinity":17,"s:54:4:54:Infinity":18},"fnNames":{}}}
,"D:\\AI studio\\flagged\\src\\utils\\ScoreEngine.ts": {"path":"D:\\AI studio\\flagged\\src\\utils\\ScoreEngine.ts","statementMap":{"0":{"start":{"line":27,"column":35},"end":{"line":84,"column":null}},"1":{"start":{"line":29,"column":15},"end":{"line":29,"column":null}},"2":{"start":{"line":30,"column":2},"end":{"line":32,"column":null}},"3":{"start":{"line":31,"column":4},"end":{"line":31,"column":null}},"4":{"start":{"line":35,"column":15},"end":{"line":35,"column":null}},"5":{"start":{"line":36,"column":2},"end":{"line":50,"column":null}},"6":{"start":{"line":37,"column":22},"end":{"line":37,"column":null}},"7":{"start":{"line":38,"column":4},"end":{"line":40,"column":null}},"8":{"start":{"line":39,"column":6},"end":{"line":39,"column":null}},"9":{"start":{"line":42,"column":20},"end":{"line":42,"column":null}},"10":{"start":{"line":43,"column":4},"end":{"line":45,"column":null}},"11":{"start":{"line":44,"column":6},"end":{"line":44,"column":null}},"12":{"start":{"line":47,"column":4},"end":{"line":47,"column":null}},"13":{"start":{"line":48,"column":2},"end":{"line":50,"column":null}},"14":{"start":{"line":49,"column":4},"end":{"line":49,"column":null}},"15":{"start":{"line":53,"column":15},"end":{"line":53,"column":null}},"16":{"start":{"line":54,"column":2},"end":{"line":56,"column":null}},"17":{"start":{"line":55,"column":4},"end":{"line":55,"column":null}},"18":{"start":{"line":59,"column":15},"end":{"line":59,"column":null}},"19":{"start":{"line":60,"column":2},"end":{"line":62,"column":null}},"20":{"start":{"line":61,"column":4},"end":{"line":61,"column":null}},"21":{"start":{"line":65,"column":16},"end":{"line":65,"column":null}},"22":{"start":{"line":66,"column":2},"end":{"line":68,"column":null}},"23":{"start":{"line":67,"column":4},"end":{"line":67,"column":null}},"24":{"start":{"line":71,"column":16},"end":{"line":71,"column":null}},"25":{"start":{"line":72,"column":2},"end":{"line":74,"column":null}},"26":{"start":{"line":73,"column":4},"end":{"line":73,"column":null}},"27":{"start":{"line":76,"column":2},"end":{"line":83,"column":null}},"28":{"start":{"line":86,"column":34},"end":{"line":144,"column":null}},"29":{"start":{"line":87,"column":16},"end":{"line":87,"column":null}},"30":{"start":{"line":88,"column":2},"end":{"line":88,"column":null}},"31":{"start":{"line":88,"column":26},"end":{"line":88,"column":null}},"32":{"start":{"line":90,"column":16},"end":{"line":90,"column":null}},"33":{"start":{"line":91,"column":2},"end":{"line":91,"column":null}},"34":{"start":{"line":93,"column":19},"end":{"line":93,"column":null}},"35":{"start":{"line":94,"column":21},"end":{"line":94,"column":null}},"36":{"start":{"line":96,"column":20},"end":{"line":96,"column":null}},"37":{"start":{"line":97,"column":22},"end":{"line":97,"column":null}},"38":{"start":{"line":99,"column":17},"end":{"line":99,"column":null}},"39":{"start":{"line":100,"column":19},"end":{"line":100,"column":null}},"40":{"start":{"line":102,"column":2},"end":{"line":122,"column":null}},"41":{"start":{"line":103,"column":16},"end":{"line":103,"column":null}},"42":{"start":{"line":104,"column":20},"end":{"line":104,"column":null}},"43":{"start":{"line":105,"column":4},"end":{"line":105,"column":null}},"44":{"start":{"line":106,"column":21},"end":{"line":106,"column":null}},"45":{"start":{"line":108,"column":21},"end":{"line":108,"column":null}},"46":{"start":{"line":110,"column":4},"end":{"line":113,"column":null}},"47":{"start":{"line":111,"column":6},"end":{"line":111,"column":null}},"48":{"start":{"line":112,"column":6},"end":{"line":112,"column":null}},"49":{"start":{"line":114,"column":4},"end":{"line":117,"column":null}},"50":{"start":{"line":115,"column":6},"end":{"line":115,"column":null}},"51":{"start":{"line":116,"column":6},"end":{"line":116,"column":null}},"52":{"start":{"line":118,"column":4},"end":{"line":121,"column":null}},"53":{"start":{"line":119,"column":6},"end":{"line":119,"column":null}},"54":{"start":{"line":120,"column":6},"end":{"line":120,"column":null}},"55":{"start":{"line":124,"column":21},"end":{"line":124,"column":null}},"56":{"start":{"line":125,"column":22},"end":{"line":125,"column":null}},"57":{"start":{"line":126,"column":19},"end":{"line":126,"column":null}},"58":{"start":{"line":128,"column":11},"end":{"line":128,"column":null}},"59":{"start":{"line":129,"column":12},"end":{"line":129,"column":null}},"60":{"start":{"line":130,"column":15},"end":{"line":130,"column":null}},"61":{"start":{"line":132,"column":20},"end":{"line":132,"column":null}},"62":{"start":{"line":133,"column":19},"end":{"line":133,"column":null}},"63":{"start":{"line":135,"column":2},"end":{"line":135,"column":null}},"64":{"start":{"line":135,"column":26},"end":{"line":135,"column":45}},"65":{"start":{"line":135,"column":45},"end":{"line":135,"column":76}},"66":{"start":{"line":136,"column":2},"end":{"line":136,"column":null}},"67":{"start":{"line":136,"column":27},"end":{"line":136,"column":47}},"68":{"start":{"line":136,"column":47},"end":{"line":136,"column":80}},"69":{"start":{"line":137,"column":2},"end":{"line":141,"column":null}},"70":{"start":{"line":138,"column":4},"end":{"line":138,"column":27}},"71":{"start":{"line":138,"column":27},"end":{"line":138,"column":null}},"72":{"start":{"line":139,"column":2},"end":{"line":141,"column":null}},"73":{"start":{"line":140,"column":4},"end":{"line":140,"column":27}},"74":{"start":{"line":140,"column":27},"end":{"line":140,"column":null}},"75":{"start":{"line":143,"column":2},"end":{"line":143,"column":null}},"76":{"start":{"line":146,"column":30},"end":{"line":178,"column":null}},"77":{"start":{"line":147,"column":16},"end":{"line":147,"column":null}},"78":{"start":{"line":148,"column":15},"end":{"line":148,"column":null}},"79":{"start":{"line":149,"column":19},"end":{"line":149,"column":null}},"80":{"start":{"line":150,"column":36},"end":{"line":150,"column":null}},"81":{"start":{"line":151,"column":16},"end":{"line":151,"column":null}},"82":{"start":{"line":152,"column":19},"end":{"line":152,"column":null}},"83":{"start":{"line":154,"column":2},"end":{"line":166,"column":null}},"84":{"start":{"line":155,"column":20},"end":{"line":155,"column":null}},"85":{"start":{"line":156,"column":4},"end":{"line":162,"column":null}},"86":{"start":{"line":157,"column":23},"end":{"line":157,"column":null}},"87":{"start":{"line":158,"column":6},"end":{"line":161,"column":null}},"88":{"start":{"line":159,"column":8},"end":{"line":159,"column":null}},"89":{"start":{"line":159,"column":33},"end":{"line":159,"column":null}},"90":{"start":{"line":160,"column":8},"end":{"line":160,"column":null}},"91":{"start":{"line":163,"column":4},"end":{"line":163,"column":null}},"92":{"start":{"line":164,"column":4},"end":{"line":164,"column":null}},"93":{"start":{"line":164,"column":29},"end":{"line":164,"column":null}},"94":{"start":{"line":165,"column":4},"end":{"line":165,"column":null}},"95":{"start":{"line":168,"column":2},"end":{"line":175,"column":null}},"96":{"start":{"line":169,"column":15},"end":{"line":169,"column":null}},"97":{"start":{"line":170,"column":21},"end":{"line":170,"column":null}},"98":{"start":{"line":171,"column":4},"end":{"line":174,"column":null}},"99":{"start":{"line":172,"column":7},"end":{"line":172,"column":null}},"100":{"start":{"line":172,"column":32},"end":{"line":172,"column":null}},"101":{"start":{"line":173,"column":7},"end":{"line":173,"column":null}},"102":{"start":{"line":177,"column":2},"end":{"line":177,"column":null}}},"fnMap":{"0":{"name":"(anonymous_0)","decl":{"start":{"line":27,"column":35},"end":{"line":27,"column":36}},"loc":{"start":{"line":27,"column":71},"end":{"line":84,"column":null}},"line":27},"1":{"name":"(anonymous_1)","decl":{"start":{"line":86,"column":34},"end":{"line":86,"column":35}},"loc":{"start":{"line":86,"column":78},"end":{"line":144,"column":null}},"line":86},"2":{"name":"(anonymous_2)","decl":{"start":{"line":146,"column":30},"end":{"line":146,"column":31}},"loc":{"start":{"line":146,"column":106},"end":{"line":178,"column":null}},"line":146}},"branchMap":{"0":{"loc":{"start":{"line":30,"column":2},"end":{"line":32,"column":null}},"type":"if","locations":[{"start":{"line":30,"column":2},"end":{"line":32,"column":null}},{"start":{},"end":{}}],"line":30},"1":{"loc":{"start":{"line":30,"column":6},"end":{"line":30,"column":70}},"type":"binary-expr","locations":[{"start":{"line":30,"column":6},"end":{"line":30,"column":23}},{"start":{"line":30,"column":23},"end":{"line":30,"column":70}}],"line":30},"2":{"loc":{"start":{"line":36,"column":2},"end":{"line":50,"column":null}},"type":"if","locations":[{"start":{"line":36,"column":2},"end":{"line":50,"column":null}},{"start":{"line":48,"column":2},"end":{"line":50,"column":null}}],"line":36},"3":{"loc":{"start":{"line":36,"column":6},"end":{"line":36,"column":38}},"type":"binary-expr","locations":[{"start":{"line":36,"column":6},"end":{"line":36,"column":24}},{"start":{"line":36,"column":24},"end":{"line":36,"column":38}}],"line":36},"4":{"loc":{"start":{"line":38,"column":4},"end":{"line":40,"column":null}},"type":"if","locations":[{"start":{"line":38,"column":4},"end":{"line":40,"column":null}},{"start":{},"end":{}}],"line":38},"5":{"loc":{"start":{"line":38,"column":8},"end":{"line":38,"column":76}},"type":"binary-expr","locations":[{"start":{"line":38,"column":8},"end":{"line":38,"column":26}},{"start":{"line":38,"column":26},"end":{"line":38,"column":76}}],"line":38},"6":{"loc":{"start":{"line":43,"column":4},"end":{"line":45,"column":null}},"type":"if","locations":[{"start":{"line":43,"column":4},"end":{"line":45,"column":null}},{"start":{},"end":{}}],"line":43},"7":{"loc":{"start":{"line":43,"column":8},"end":{"line":43,"column":70}},"type":"binary-expr","locations":[{"start":{"line":43,"column":8},"end":{"line":43,"column":24}},{"start":{"line":43,"column":24},"end":{"line":43,"column":70}}],"line":43},"8":{"loc":{"start":{"line":48,"column":2},"end":{"line":50,"column":null}},"type":"if","locations":[{"start":{"line":48,"column":2},"end":{"line":50,"column":null}},{"start":{},"end":{}}],"line":48},"9":{"loc":{"start":{"line":48,"column":13},"end":{"line":48,"column":69}},"type":"binary-expr","locations":[{"start":{"line":48,"column":13},"end":{"line":48,"column":25}},{"start":{"line":48,"column":25},"end":{"line":48,"column":69}}],"line":48},"10":{"loc":{"start":{"line":54,"column":2},"end":{"line":56,"column":null}},"type":"if","locations":[{"start":{"line":54,"column":2},"end":{"line":56,"column":null}},{"start":{},"end":{}}],"line":54},"11":{"loc":{"start":{"line":54,"column":6},"end":{"line":54,"column":67}},"type":"binary-expr","locations":[{"start":{"line":54,"column":6},"end":{"line":54,"column":22}},{"start":{"line":54,"column":22},"end":{"line":54,"column":67}}],"line":54},"12":{"loc":{"start":{"line":60,"column":2},"end":{"line":62,"column":null}},"type":"if","locations":[{"start":{"line":60,"column":2},"end":{"line":62,"column":null}},{"start":{},"end":{}}],"line":60},"13":{"loc":{"start":{"line":60,"column":6},"end":{"line":60,"column":67}},"type":"binary-expr","locations":[{"start":{"line":60,"column":6},"end":{"line":60,"column":22}},{"start":{"line":60,"column":22},"end":{"line":60,"column":67}}],"line":60},"14":{"loc":{"start":{"line":66,"column":2},"end":{"line":68,"column":null}},"type":"if","locations":[{"start":{"line":66,"column":2},"end":{"line":68,"column":null}},{"start":{},"end":{}}],"line":66},"15":{"loc":{"start":{"line":66,"column":6},"end":{"line":66,"column":80}},"type":"binary-expr","locations":[{"start":{"line":66,"column":6},"end":{"line":66,"column":26}},{"start":{"line":66,"column":26},"end":{"line":66,"column":80}}],"line":66},"16":{"loc":{"start":{"line":72,"column":2},"end":{"line":74,"column":null}},"type":"if","locations":[{"start":{"line":72,"column":2},"end":{"line":74,"column":null}},{"start":{},"end":{}}],"line":72},"17":{"loc":{"start":{"line":72,"column":6},"end":{"line":72,"column":68}},"type":"binary-expr","locations":[{"start":{"line":72,"column":6},"end":{"line":72,"column":22}},{"start":{"line":72,"column":22},"end":{"line":72,"column":68}}],"line":72},"18":{"loc":{"start":{"line":88,"column":2},"end":{"line":88,"column":null}},"type":"if","locations":[{"start":{"line":88,"column":2},"end":{"line":88,"column":null}},{"start":{},"end":{}}],"line":88},"19":{"loc":{"start":{"line":106,"column":21},"end":{"line":106,"column":null}},"type":"cond-expr","locations":[{"start":{"line":106,"column":52},"end":{"line":106,"column":69}},{"start":{"line":106,"column":69},"end":{"line":106,"column":null}}],"line":106},"20":{"loc":{"start":{"line":110,"column":4},"end":{"line":113,"column":null}},"type":"if","locations":[{"start":{"line":110,"column":4},"end":{"line":113,"column":null}},{"start":{},"end":{}}],"line":110},"21":{"loc":{"start":{"line":114,"column":4},"end":{"line":117,"column":null}},"type":"if","locations":[{"start":{"line":114,"column":4},"end":{"line":117,"column":null}},{"start":{},"end":{}}],"line":114},"22":{"loc":{"start":{"line":118,"column":4},"end":{"line":121,"column":null}},"type":"if","locations":[{"start":{"line":118,"column":4},"end":{"line":121,"column":null}},{"start":{},"end":{}}],"line":118},"23":{"loc":{"start":{"line":124,"column":21},"end":{"line":124,"column":null}},"type":"cond-expr","locations":[{"start":{"line":124,"column":40},"end":{"line":124,"column":68}},{"start":{"line":124,"column":68},"end":{"line":124,"column":null}}],"line":124},"24":{"loc":{"start":{"line":125,"column":22},"end":{"line":125,"column":null}},"type":"cond-expr","locations":[{"start":{"line":125,"column":42},"end":{"line":125,"column":72}},{"start":{"line":125,"column":72},"end":{"line":125,"column":null}}],"line":125},"25":{"loc":{"start":{"line":126,"column":19},"end":{"line":126,"column":null}},"type":"cond-expr","locations":[{"start":{"line":126,"column":36},"end":{"line":126,"column":60}},{"start":{"line":126,"column":60},"end":{"line":126,"column":null}}],"line":126},"26":{"loc":{"start":{"line":135,"column":2},"end":{"line":135,"column":null}},"type":"if","locations":[{"start":{"line":135,"column":2},"end":{"line":135,"column":null}},{"start":{},"end":{}}],"line":135},"27":{"loc":{"start":{"line":136,"column":2},"end":{"line":136,"column":null}},"type":"if","locations":[{"start":{"line":136,"column":2},"end":{"line":136,"column":null}},{"start":{},"end":{}}],"line":136},"28":{"loc":{"start":{"line":137,"column":2},"end":{"line":141,"column":null}},"type":"if","locations":[{"start":{"line":137,"column":2},"end":{"line":141,"column":null}},{"start":{"line":139,"column":2},"end":{"line":141,"column":null}}],"line":137},"29":{"loc":{"start":{"line":139,"column":2},"end":{"line":141,"column":null}},"type":"if","locations":[{"start":{"line":139,"column":2},"end":{"line":141,"column":null}},{"start":{},"end":{}}],"line":139},"30":{"loc":{"start":{"line":143,"column":9},"end":{"line":143,"column":null}},"type":"cond-expr","locations":[{"start":{"line":143,"column":27},"end":{"line":143,"column":94}},{"start":{"line":143,"column":94},"end":{"line":143,"column":null}}],"line":143},"31":{"loc":{"start":{"line":156,"column":4},"end":{"line":162,"column":null}},"type":"if","locations":[{"start":{"line":156,"column":4},"end":{"line":162,"column":null}},{"start":{},"end":{}}],"line":156},"32":{"loc":{"start":{"line":158,"column":6},"end":{"line":161,"column":null}},"type":"if","locations":[{"start":{"line":158,"column":6},"end":{"line":161,"column":null}},{"start":{},"end":{}}],"line":158},"33":{"loc":{"start":{"line":158,"column":10},"end":{"line":158,"column":38}},"type":"binary-expr","locations":[{"start":{"line":158,"column":10},"end":{"line":158,"column":26}},{"start":{"line":158,"column":26},"end":{"line":158,"column":38}}],"line":158},"34":{"loc":{"start":{"line":159,"column":8},"end":{"line":159,"column":null}},"type":"if","locations":[{"start":{"line":159,"column":8},"end":{"line":159,"column":null}},{"start":{},"end":{}}],"line":159},"35":{"loc":{"start":{"line":164,"column":4},"end":{"line":164,"column":null}},"type":"if","locations":[{"start":{"line":164,"column":4},"end":{"line":164,"column":null}},{"start":{},"end":{}}],"line":164},"36":{"loc":{"start":{"line":168,"column":2},"end":{"line":175,"column":null}},"type":"if","locations":[{"start":{"line":168,"column":2},"end":{"line":175,"column":null}},{"start":{},"end":{}}],"line":168},"37":{"loc":{"start":{"line":171,"column":4},"end":{"line":174,"column":null}},"type":"if","locations":[{"start":{"line":171,"column":4},"end":{"line":174,"column":null}},{"start":{},"end":{}}],"line":171},"38":{"loc":{"start":{"line":171,"column":8},"end":{"line":171,"column":36}},"type":"binary-expr","locations":[{"start":{"line":171,"column":8},"end":{"line":171,"column":24}},{"start":{"line":171,"column":24},"end":{"line":171,"column":36}}],"line":171},"39":{"loc":{"start":{"line":172,"column":7},"end":{"line":172,"column":null}},"type":"if","locations":[{"start":{"line":172,"column":7},"end":{"line":172,"column":null}},{"start":{},"end":{}}],"line":172}},"s":{"0":2,"1":7,"2":7,"3":3,"4":7,"5":7,"6":1,"7":1,"8":1,"9":1,"10":1,"11":1,"12":1,"13":6,"14":1,"15":7,"16":7,"17":1,"18":7,"19":7,"20":1,"21":7,"22":7,"23":1,"24":7,"25":7,"26":1,"27":7,"28":2,"29":8,"30":8,"31":1,"32":7,"33":7,"34":7,"35":7,"36":7,"37":7,"38":7,"39":7,"40":7,"41":7,"42":7,"43":7,"44":7,"45":7,"46":7,"47":1,"48":1,"49":7,"50":2,"51":2,"52":7,"53":4,"54":4,"55":7,"56":8,"57":8,"58":8,"59":8,"60":8,"61":8,"62":8,"63":8,"64":1,"65":1,"66":7,"67":2,"68":2,"69":7,"70":4,"71":4,"72":3,"73":3,"74":3,"75":7,"76":2,"77":4,"78":4,"79":4,"80":4,"81":4,"82":4,"83":4,"84":7,"85":7,"86":4,"87":4,"88":1,"89":0,"90":1,"91":7,"92":7,"93":6,"94":7,"95":4,"96":3,"97":3,"98":3,"99":1,"100":0,"101":1,"102":4},"f":{"0":7,"1":8,"2":4},"b":{"0":[3,4],"1":[7,3],"2":[1,6],"3":[7,6],"4":[1,0],"5":[1,1],"6":[1,0],"7":[1,1],"8":[1,5],"9":[6,1],"10":[1,6],"11":[7,1],"12":[1,6],"13":[7,1],"14":[1,6],"15":[7,1],"16":[1,6],"17":[7,1],"18":[1,7],"19":[3,4],"20":[1,6],"21":[2,5],"22":[4,3],"23":[1,6],"24":[2,5],"25":[4,3],"26":[1,7],"27":[2,5],"28":[4,3],"29":[3,0],"30":[7,0],"31":[4,3],"32":[1,3],"33":[4,1],"34":[0,1],"35":[6,1],"36":[3,1],"37":[1,2],"38":[3,1],"39":[0,1]},"meta":{"lastBranch":40,"lastFunction":3,"lastStatement":103,"seen":{"s:27:35:84:Infinity":0,"f:27:35:27:36":0,"s:29:15:29:Infinity":1,"b:30:2:32:Infinity:undefined:undefined:undefined:undefined":0,"s:30:2:32:Infinity":2,"b:30:6:30:23:30:23:30:70":1,"s:31:4:31:Infinity":3,"s:35:15:35:Infinity":4,"b:36:2:50:Infinity:48:2:50:Infinity":2,"s:36:2:50:Infinity":5,"b:36:6:36:24:36:24:36:38":3,"s:37:22:37:Infinity":6,"b:38:4:40:Infinity:undefined:undefined:undefined:undefined":4,"s:38:4:40:Infinity":7,"b:38:8:38:26:38:26:38:76":5,"s:39:6:39:Infinity":8,"s:42:20:42:Infinity":9,"b:43:4:45:Infinity:undefined:undefined:undefined:undefined":6,"s:43:4:45:Infinity":10,"b:43:8:43:24:43:24:43:70":7,"s:44:6:44:Infinity":11,"s:47:4:47:Infinity":12,"b:48:2:50:Infinity:undefined:undefined:undefined:undefined":8,"s:48:2:50:Infinity":13,"b:48:13:48:25:48:25:48:69":9,"s:49:4:49:Infinity":14,"s:53:15:53:Infinity":15,"b:54:2:56:Infinity:undefined:undefined:undefined:undefined":10,"s:54:2:56:Infinity":16,"b:54:6:54:22:54:22:54:67":11,"s:55:4:55:Infinity":17,"s:59:15:59:Infinity":18,"b:60:2:62:Infinity:undefined:undefined:undefined:undefined":12,"s:60:2:62:Infinity":19,"b:60:6:60:22:60:22:60:67":13,"s:61:4:61:Infinity":20,"s:65:16:65:Infinity":21,"b:66:2:68:Infinity:undefined:undefined:undefined:undefined":14,"s:66:2:68:Infinity":22,"b:66:6:66:26:66:26:66:80":15,"s:67:4:67:Infinity":23,"s:71:16:71:Infinity":24,"b:72:2:74:Infinity:undefined:undefined:undefined:undefined":16,"s:72:2:74:Infinity":25,"b:72:6:72:22:72:22:72:68":17,"s:73:4:73:Infinity":26,"s:76:2:83:Infinity":27,"s:86:34:144:Infinity":28,"f:86:34:86:35":1,"s:87:16:87:Infinity":29,"b:88:2:88:Infinity:undefined:undefined:undefined:undefined":18,"s:88:2:88:Infinity":30,"s:88:26:88:Infinity":31,"s:90:16:90:Infinity":32,"s:91:2:91:Infinity":33,"s:93:19:93:Infinity":34,"s:94:21:94:Infinity":35,"s:96:20:96:Infinity":36,"s:97:22:97:Infinity":37,"s:99:17:99:Infinity":38,"s:100:19:100:Infinity":39,"s:102:2:122:Infinity":40,"s:103:16:103:Infinity":41,"s:104:20:104:Infinity":42,"s:105:4:105:Infinity":43,"s:106:21:106:Infinity":44,"b:106:52:106:69:106:69:106:Infinity":19,"s:108:21:108:Infinity":45,"b:110:4:113:Infinity:undefined:undefined:undefined:undefined":20,"s:110:4:113:Infinity":46,"s:111:6:111:Infinity":47,"s:112:6:112:Infinity":48,"b:114:4:117:Infinity:undefined:undefined:undefined:undefined":21,"s:114:4:117:Infinity":49,"s:115:6:115:Infinity":50,"s:116:6:116:Infinity":51,"b:118:4:121:Infinity:undefined:undefined:undefined:undefined":22,"s:118:4:121:Infinity":52,"s:119:6:119:Infinity":53,"s:120:6:120:Infinity":54,"s:124:21:124:Infinity":55,"b:124:40:124:68:124:68:124:Infinity":23,"s:125:22:125:Infinity":56,"b:125:42:125:72:125:72:125:Infinity":24,"s:126:19:126:Infinity":57,"b:126:36:126:60:126:60:126:Infinity":25,"s:128:11:128:Infinity":58,"s:129:12:129:Infinity":59,"s:130:15:130:Infinity":60,"s:132:20:132:Infinity":61,"s:133:19:133:Infinity":62,"b:135:2:135:Infinity:undefined:undefined:undefined:undefined":26,"s:135:2:135:Infinity":63,"s:135:26:135:45":64,"s:135:45:135:76":65,"b:136:2:136:Infinity:undefined:undefined:undefined:undefined":27,"s:136:2:136:Infinity":66,"s:136:27:136:47":67,"s:136:47:136:80":68,"b:137:2:141:Infinity:139:2:141:Infinity":28,"s:137:2:141:Infinity":69,"s:138:4:138:27":70,"s:138:27:138:Infinity":71,"b:139:2:141:Infinity:undefined:undefined:undefined:undefined":29,"s:139:2:141:Infinity":72,"s:140:4:140:27":73,"s:140:27:140:Infinity":74,"s:143:2:143:Infinity":75,"b:143:27:143:94:143:94:143:Infinity":30,"s:146:30:178:Infinity":76,"f:146:30:146:31":2,"s:147:16:147:Infinity":77,"s:148:15:148:Infinity":78,"s:149:19:149:Infinity":79,"s:150:36:150:Infinity":80,"s:151:16:151:Infinity":81,"s:152:19:152:Infinity":82,"s:154:2:166:Infinity":83,"s:155:20:155:Infinity":84,"b:156:4:162:Infinity:undefined:undefined:undefined:undefined":31,"s:156:4:162:Infinity":85,"s:157:23:157:Infinity":86,"b:158:6:161:Infinity:undefined:undefined:undefined:undefined":32,"s:158:6:161:Infinity":87,"b:158:10:158:26:158:26:158:38":33,"b:159:8:159:Infinity:undefined:undefined:undefined:undefined":34,"s:159:8:159:Infinity":88,"s:159:33:159:Infinity":89,"s:160:8:160:Infinity":90,"s:163:4:163:Infinity":91,"b:164:4:164:Infinity:undefined:undefined:undefined:undefined":35,"s:164:4:164:Infinity":92,"s:164:29:164:Infinity":93,"s:165:4:165:Infinity":94,"b:168:2:175:Infinity:undefined:undefined:undefined:undefined":36,"s:168:2:175:Infinity":95,"s:169:15:169:Infinity":96,"s:170:21:170:Infinity":97,"b:171:4:174:Infinity:undefined:undefined:undefined:undefined":37,"s:171:4:174:Infinity":98,"b:171:8:171:24:171:24:171:36":38,"b:172:7:172:Infinity:undefined:undefined:undefined:undefined":39,"s:172:7:172:Infinity":99,"s:172:32:172:Infinity":100,"s:173:7:173:Infinity":101,"s:177:2:177:Infinity":102},"fnNames":{}}}
}
